  02.variable.cpp
C:\Users\philipkim00\Desktop\어소트락 수업\homework\02.variable.cpp(17,15): error C2440: '초기화 중': 'const char [2]'에서 'char'(으)로 변환할 수 없습니다.
C:\Users\philipkim00\Desktop\어소트락 수업\homework\02.variable.cpp(17,10): message : 이 변환이 가능한 컨텍스트가 없습니다.
C:\Users\philipkim00\Desktop\어소트락 수업\homework\02.variable.cpp(18,6): error C2632: 'int' 다음에 'char'이(가) 올 수 없습니다.
C:\Users\philipkim00\Desktop\어소트락 수업\homework\02.variable.cpp(18,11): error C2513: 'int': '=' 앞에 변수를 선언하지 않았습니다.
C:\Users\philipkim00\Desktop\어소트락 수업\homework\02.variable.cpp(22,6): error C2374: 'A': 재정의. 여러 번 초기화했습니다.
C:\Users\philipkim00\Desktop\어소트락 수업\homework\02.variable.cpp(12): message : 'A' 선언을 참조하십시오.
C:\Users\philipkim00\Desktop\어소트락 수업\homework\02.variable.cpp(38,7): error C2374: 'ch': 재정의. 여러 번 초기화했습니다.
C:\Users\philipkim00\Desktop\어소트락 수업\homework\02.variable.cpp(17): message : 'ch' 선언을 참조하십시오.
C:\Users\philipkim00\Desktop\어소트락 수업\homework\02.variable.cpp(51,7): warning C4305: '=': 'double'에서 'const float'(으)로 잘립니다.
C:\Users\philipkim00\Desktop\어소트락 수업\homework\02.variable.cpp(48,2): error C3892: 'pi': const인 변수에 할당할 수 없습니다.
C:\Users\philipkim00\Desktop\어소트락 수업\homework\02.variable.cpp(51,2): error C2144: 구문 오류: bool'은(는) ';' 다음에 와야 합니다.
C:\Users\philipkim00\Desktop\어소트락 수업\homework\02.variable.cpp(81,16): error C2371: 'number': 재정의. 기본 형식이 다릅니다.
C:\Users\philipkim00\Desktop\어소트락 수업\homework\02.variable.cpp(72): message : 'number' 선언을 참조하십시오.
  das.cpp
  연산자.cpp
C:\Users\philipkim00\Desktop\어소트락 수업\homework\연산자.cpp(10,2): error C2065: 'num': 선언되지 않은 식별자입니다.
C:\Users\philipkim00\Desktop\어소트락 수업\homework\연산자.cpp(17,12): error C2065: 'num': 선언되지 않은 식별자입니다.
C:\Users\philipkim00\Desktop\어소트락 수업\homework\연산자.cpp(18,4): error C2065: 'num': 선언되지 않은 식별자입니다.
C:\Users\philipkim00\Desktop\어소트락 수업\homework\연산자.cpp(21,2): error C2065: 'num': 선언되지 않은 식별자입니다.
C:\Users\philipkim00\Desktop\어소트락 수업\homework\연산자.cpp(22,2): error C2065: 'num': 선언되지 않은 식별자입니다.
C:\Users\philipkim00\Desktop\어소트락 수업\homework\연산자.cpp(44,8): error C2065: 'num': 선언되지 않은 식별자입니다.
  입출력.cpp
  코드를 생성하고 있습니다...
